{
  "RSpec": {
    "coverage": {
      "/home/vagrant/homework/hw-bdd-tdd-cycle/hw4/app/controllers/movies_controller.rb": [
        1,
        null,
        1,
        2,
        null,
        null,
        1,
        1,
        1,
        null,
        null,
        null,
        1,
        2,
        2,
        1,
        1,
        null,
        1,
        null,
        null,
        null,
        1,
        2,
        2,
        null,
        1,
        null,
        0,
        null,
        2,
        2,
        null,
        2,
        12,
        null,
        null,
        2,
        1,
        1,
        1,
        null,
        1,
        null,
        null,
        1,
        null,
        null,
        null,
        1,
        1,
        1,
        1,
        null,
        null,
        1,
        1,
        null,
        null,
        1,
        1,
        1,
        1,
        1,
        null,
        null,
        1,
        1,
        1,
        1,
        1,
        null,
        null
      ],
      "/home/vagrant/homework/hw-bdd-tdd-cycle/hw4/app/controllers/application_controller.rb": [
        1,
        1,
        null
      ],
      "/home/vagrant/homework/hw-bdd-tdd-cycle/hw4/app/models/movie.rb": [
        1,
        1,
        2,
        null,
        null
      ]
    },
    "timestamp": 1449629614
  }
}
